  anonimpipe.c
C:\Мои документы\колледж\4 курс\мдк 01.04 системное программирование\экзамен\app\app\anonimpipe.c(21,9): warning C4477: "printf": в строке форматирования "%d" требуется аргумент типа "int", но вариативный аргумент "1" имеет тип "HANDLE"
C:\Мои документы\колледж\4 курс\мдк 01.04 системное программирование\экзамен\app\app\anonimpipe.c(21,9): warning C4313: printf: конфликт "%d" в строке формата с аргументом 1 типа "HANDLE"
C:\Мои документы\колледж\4 курс\мдк 01.04 системное программирование\экзамен\app\app\anonimpipe.c(22,9): warning C4477: "printf": в строке форматирования "%d" требуется аргумент типа "int", но вариативный аргумент "1" имеет тип "HANDLE"
C:\Мои документы\колледж\4 курс\мдк 01.04 системное программирование\экзамен\app\app\anonimpipe.c(22,9): warning C4313: printf: конфликт "%d" в строке формата с аргументом 1 типа "HANDLE"
C:\Мои документы\колледж\4 курс\мдк 01.04 системное программирование\экзамен\app\app\anonimpipe.c(26,15): warning C4477: "sprintf": в строке форматирования "%d" требуется аргумент типа "int", но вариативный аргумент "1" имеет тип "HANDLE"
C:\Мои документы\колледж\4 курс\мдк 01.04 системное программирование\экзамен\app\app\anonimpipe.c(26,15): warning C4313: sprintf: конфликт "%d" в строке формата с аргументом 1 типа "HANDLE"
C:\Мои документы\колледж\4 курс\мдк 01.04 системное программирование\экзамен\app\app\anonimpipe.c(26,15): warning C4477: "sprintf": в строке форматирования "%d" требуется аргумент типа "int", но вариативный аргумент "2" имеет тип "HANDLE"
C:\Мои документы\колледж\4 курс\мдк 01.04 системное программирование\экзамен\app\app\anonimpipe.c(26,15): warning C4313: sprintf: конфликт "%d" в строке формата с аргументом 2 типа "HANDLE"
C:\Мои документы\колледж\4 курс\мдк 01.04 системное программирование\экзамен\app\app\anonimpipe.c(40,3): warning C4133: функция: несовместимые типы - из "STARTUPINFO *" в "LPSTARTUPINFOA"
  app.c
C:\Мои документы\колледж\4 курс\мдк 01.04 системное программирование\экзамен\app\app\app.c(5,12): warning C4133: функция: несовместимые типы - из "unsigned short [3]" в "const char *const "
C:\Мои документы\колледж\4 курс\мдк 01.04 системное программирование\экзамен\app\app\app.c(5,12): warning C4477: "printf": в строке форматирования "%s" требуется аргумент типа "char *", но вариативный аргумент "1" имеет тип "int"
C:\Мои документы\колледж\4 курс\мдк 01.04 системное программирование\экзамен\app\app\app.c(5,12): warning C4313: printf: конфликт "%s" в строке формата с аргументом 1 типа "int"
  clipboardProcess.c
C:\Мои документы\колледж\4 курс\мдк 01.04 системное программирование\экзамен\app\app\clipboardProcess.c(15,17): warning C4087: CloseClipboard: объявление с "void"-списком параметров
C:\Мои документы\колледж\4 курс\мдк 01.04 системное программирование\экзамен\app\app\clipboardProcess.c(9,30): warning C4267: инициализация: преобразование из "size_t" в "DWORD"; возможна потеря данных
  namedpipe.c
C:\Мои документы\колледж\4 курс\мдк 01.04 системное программирование\экзамен\app\app\namedpipe.c(29,9): warning C4013: gets: нет определения; предполагается "extern" с возвратом типа "int"
C:\Мои документы\колледж\4 курс\мдк 01.04 системное программирование\экзамен\app\app\namedpipe.c(12,11): warning C4101: actual_readen: неиспользованная локальная переменная
  reestr.c
C:\Мои документы\колледж\4 курс\мдк 01.04 системное программирование\экзамен\app\app\reestr.c(16,40): warning C4047: функция: "DWORD" отличается по уровням косвенного обращения от "void *"
C:\Мои документы\колледж\4 курс\мдк 01.04 системное программирование\экзамен\app\app\reestr.c(16,40): warning C4024: RegSetValueExW: различные типы для формального и фактического параметров 3
C:\Мои документы\колледж\4 курс\мдк 01.04 системное программирование\экзамен\app\app\reestr.c(16,55): warning C4133: функция: несовместимые типы - из "LPWSTR" в "const BYTE *"
C:\Мои документы\колледж\4 курс\мдк 01.04 системное программирование\экзамен\app\app\reestr.c(23,12): warning C4098: ReestSTR: функция типа "void", возвращающая значение
C:\Мои документы\колледж\4 курс\мдк 01.04 системное программирование\экзамен\app\app\reestr.c(30,62): warning C4047: функция: "LPDWORD" отличается по уровням косвенного обращения от "LPWSTR *"
C:\Мои документы\колледж\4 курс\мдк 01.04 системное программирование\экзамен\app\app\reestr.c(30,62): warning C4024: RegGetValueW: различные типы для формального и фактического параметров 5
C:\Мои документы\колледж\4 курс\мдк 01.04 системное программирование\экзамен\app\app\reestr.c(56,43): warning C4047: функция: "DWORD" отличается по уровням косвенного обращения от "void *"
C:\Мои документы\колледж\4 курс\мдк 01.04 системное программирование\экзамен\app\app\reestr.c(56,43): warning C4024: RegSetValueExW: различные типы для формального и фактического параметров 3
C:\Мои документы\колледж\4 курс\мдк 01.04 системное программирование\экзамен\app\app\reestr.c(56,60): warning C4133: функция: несовместимые типы - из "DWORD *" в "const BYTE *"
C:\Мои документы\колледж\4 курс\мдк 01.04 системное программирование\экзамен\app\app\reestr.c(63,12): warning C4098: ReestNUM: функция типа "void", возвращающая значение
  Создание кода...
C:\Мои документы\колледж\4 курс\мдк 01.04 системное программирование\экзамен\app\app\reestr.c(110): warning C4715: reestr: значение возвращается не при всех путях выполнения
C:\Мои документы\колледж\4 курс\мдк 01.04 системное программирование\экзамен\app\app\clipboardProcess.c(16): warning C4716: clipboardProcessParent: должна возвращать значение
  app.vcxproj -> C:\Мои документы\колледж\4 курс\мдк 01.04 системное программирование\экзамен\app\x64\Debug\app.exe
